{"/Users/alegmuz/Documents/node/architecture/src/app.ts": {"path":"/Users/alegmuz/Documents/node/architecture/src/app.ts","statementMap":{"0":{"start":{"line":1,"column":0},"end":{"line":1,"column":26}},"1":{"start":{"line":2,"column":0},"end":{"line":2,"column":43}},"2":{"start":{"line":4,"column":0},"end":{"line":4,"column":47}},"3":{"start":{"line":5,"column":0},"end":{"line":5,"column":35}},"4":{"start":{"line":13,"column":0},"end":{"line":13,"column":32}},"5":{"start":{"line":14,"column":0},"end":{"line":14,"column":58}},"6":{"start":{"line":17,"column":7},"end":{"line":55,"column":null}},"7":{"start":{"line":23,"column":33},"end":{"line":23,"column":48}},"8":{"start":{"line":24,"column":41},"end":{"line":24,"column":73}},"9":{"start":{"line":25,"column":42},"end":{"line":25,"column":69}},"10":{"start":{"line":26,"column":42},"end":{"line":26,"column":75}},"11":{"start":{"line":27,"column":40},"end":{"line":27,"column":69}},"12":{"start":{"line":19,"column":9},"end":{"line":19,"column":21}},"13":{"start":{"line":29,"column":2},"end":{"line":29,"column":23}},"14":{"start":{"line":30,"column":2},"end":{"line":32,"column":5}},"15":{"start":{"line":31,"column":3},"end":{"line":31,"column":37}},"16":{"start":{"line":35,"column":2},"end":{"line":35,"column":23}},"17":{"start":{"line":36,"column":15},"end":{"line":36,"column":67}},"18":{"start":{"line":37,"column":2},"end":{"line":37,"column":40}},"19":{"start":{"line":40,"column":2},"end":{"line":40,"column":55}},"20":{"start":{"line":43,"column":2},"end":{"line":43,"column":70}},"21":{"start":{"line":46,"column":2},"end":{"line":46,"column":35}},"22":{"start":{"line":47,"column":2},"end":{"line":47,"column":23}},"23":{"start":{"line":48,"column":2},"end":{"line":48,"column":27}},"24":{"start":{"line":49,"column":2},"end":{"line":49,"column":28}},"25":{"start":{"line":53,"column":2},"end":{"line":53,"column":22}},"26":{"start":{"line":17,"column":13},"end":{"line":55,"column":null}},"27":{"start":{"line":17,"column":13},"end":{"line":17,"column":16}}},"fnMap":{"0":{"name":"(anonymous_12)","decl":{"start":{"line":22,"column":1},"end":{"line":22,"column":null}},"loc":{"start":{"line":27,"column":69},"end":{"line":33,"column":2}}},"1":{"name":"(anonymous_13)","decl":{"start":{"line":30,"column":43},"end":{"line":30,"column":46}},"loc":{"start":{"line":30,"column":48},"end":{"line":32,"column":3}}},"2":{"name":"(anonymous_14)","decl":{"start":{"line":34,"column":9},"end":{"line":34,"column":22}},"loc":{"start":{"line":34,"column":22},"end":{"line":38,"column":2}}},"3":{"name":"(anonymous_15)","decl":{"start":{"line":39,"column":9},"end":{"line":39,"column":18}},"loc":{"start":{"line":39,"column":36},"end":{"line":41,"column":2}}},"4":{"name":"(anonymous_16)","decl":{"start":{"line":42,"column":9},"end":{"line":42,"column":27}},"loc":{"start":{"line":42,"column":27},"end":{"line":44,"column":2}}},"5":{"name":"(anonymous_17)","decl":{"start":{"line":45,"column":14},"end":{"line":45,"column":18}},"loc":{"start":{"line":45,"column":18},"end":{"line":50,"column":null}}},"6":{"name":"(anonymous_19)","decl":{"start":{"line":52,"column":8},"end":{"line":52,"column":13}},"loc":{"start":{"line":52,"column":13},"end":{"line":54,"column":2}}}},"branchMap":{},"s":{"0":1,"1":1,"2":1,"3":1,"4":1,"5":1,"6":1,"7":1,"8":1,"9":1,"10":1,"11":1,"12":1,"13":1,"14":1,"15":1,"16":1,"17":1,"18":1,"19":1,"20":1,"21":1,"22":1,"23":1,"24":1,"25":1,"26":1,"27":1},"f":{"0":1,"1":1,"2":1,"3":1,"4":1,"5":1,"6":1},"b":{}}
,"/Users/alegmuz/Documents/node/architecture/src/main.ts": {"path":"/Users/alegmuz/Documents/node/architecture/src/main.ts","statementMap":{"0":{"start":{"line":1,"column":0},"end":{"line":1,"column":26}},"1":{"start":{"line":2,"column":0},"end":{"line":2,"column":55}},"2":{"start":{"line":4,"column":0},"end":{"line":4,"column":28}},"3":{"start":{"line":5,"column":0},"end":{"line":5,"column":32}},"4":{"start":{"line":6,"column":0},"end":{"line":6,"column":60}},"5":{"start":{"line":7,"column":0},"end":{"line":7,"column":59}},"6":{"start":{"line":17,"column":0},"end":{"line":17,"column":48}},"7":{"start":{"line":18,"column":0},"end":{"line":18,"column":52}},"8":{"start":{"line":19,"column":0},"end":{"line":19,"column":56}},"9":{"start":{"line":20,"column":0},"end":{"line":20,"column":62}},"10":{"start":{"line":21,"column":0},"end":{"line":21,"column":58}},"11":{"start":{"line":24,"column":20},"end":{"line":33,"column":2}},"12":{"start":{"line":25,"column":1},"end":{"line":25,"column":67}},"13":{"start":{"line":26,"column":1},"end":{"line":26,"column":65}},"14":{"start":{"line":27,"column":1},"end":{"line":27,"column":62}},"15":{"start":{"line":28,"column":1},"end":{"line":28,"column":56}},"16":{"start":{"line":29,"column":1},"end":{"line":29,"column":81}},"17":{"start":{"line":30,"column":1},"end":{"line":30,"column":87}},"18":{"start":{"line":31,"column":1},"end":{"line":31,"column":84}},"19":{"start":{"line":32,"column":1},"end":{"line":32,"column":30}},"20":{"start":{"line":36,"column":22},"end":{"line":36,"column":37}},"21":{"start":{"line":37,"column":1},"end":{"line":37,"column":32}},"22":{"start":{"line":38,"column":13},"end":{"line":38,"column":45}},"23":{"start":{"line":39,"column":1},"end":{"line":39,"column":18}},"24":{"start":{"line":40,"column":1},"end":{"line":40,"column":30}},"25":{"start":{"line":43,"column":13},"end":{"line":43,"column":32}}},"fnMap":{"0":{"name":"(anonymous_7)","decl":{"start":{"line":24,"column":40},"end":{"line":24,"column":41}},"loc":{"start":{"line":24,"column":49},"end":{"line":33,"column":1}}},"1":{"name":"bootstrap","decl":{"start":{"line":35,"column":15},"end":{"line":35,"column":24}},"loc":{"start":{"line":35,"column":24},"end":{"line":41,"column":null}}}},"branchMap":{},"s":{"0":1,"1":1,"2":1,"3":1,"4":1,"5":1,"6":1,"7":1,"8":1,"9":1,"10":1,"11":1,"12":1,"13":1,"14":1,"15":1,"16":1,"17":1,"18":1,"19":1,"20":1,"21":1,"22":1,"23":1,"24":1,"25":1},"f":{"0":1,"1":1},"b":{}}
,"/Users/alegmuz/Documents/node/architecture/src/types.ts": {"path":"/Users/alegmuz/Documents/node/architecture/src/types.ts","statementMap":{"0":{"start":{"line":1,"column":13},"end":{"line":10,"column":2}}},"fnMap":{},"branchMap":{},"s":{"0":1},"f":{},"b":{}}
,"/Users/alegmuz/Documents/node/architecture/src/common/auth.guard.ts": {"path":"/Users/alegmuz/Documents/node/architecture/src/common/auth.guard.ts","statementMap":{"0":{"start":{"line":4,"column":0},"end":{"line":4,"column":56}},"1":{"start":{"line":9,"column":2},"end":{"line":13,"column":null}},"2":{"start":{"line":10,"column":3},"end":{"line":10,"column":17}},"3":{"start":{"line":12,"column":3},"end":{"line":12,"column":59}},"4":{"start":{"line":7,"column":0},"end":{"line":7,"column":13}}},"fnMap":{"0":{"name":"(anonymous_0)","decl":{"start":{"line":8,"column":1},"end":{"line":8,"column":8}},"loc":{"start":{"line":8,"column":56},"end":{"line":14,"column":2}}}},"branchMap":{"0":{"loc":{"start":{"line":9,"column":2},"end":{"line":13,"column":null}},"type":"if","locations":[{"start":{"line":9,"column":2},"end":{"line":13,"column":null}},{"start":{"line":11,"column":9},"end":{"line":13,"column":null}}]}},"s":{"0":1,"1":2,"2":1,"3":1,"4":1},"f":{"0":2},"b":{"0":[1,1]}}
,"/Users/alegmuz/Documents/node/architecture/src/common/auth.middleware.ts": {"path":"/Users/alegmuz/Documents/node/architecture/src/common/auth.middleware.ts","statementMap":{"0":{"start":{"line":3,"column":0},"end":{"line":3,"column":38}},"1":{"start":{"line":8,"column":2},"end":{"line":8,"column":23}},"2":{"start":{"line":11,"column":2},"end":{"line":22,"column":null}},"3":{"start":{"line":12,"column":3},"end":{"line":19,"column":6}},"4":{"start":{"line":13,"column":4},"end":{"line":18,"column":null}},"5":{"start":{"line":14,"column":5},"end":{"line":14,"column":19}},"6":{"start":{"line":15,"column":11},"end":{"line":18,"column":null}},"7":{"start":{"line":16,"column":5},"end":{"line":16,"column":30}},"8":{"start":{"line":17,"column":5},"end":{"line":17,"column":19}},"9":{"start":{"line":21,"column":3},"end":{"line":21,"column":17}},"10":{"start":{"line":5,"column":0},"end":{"line":5,"column":13}}},"fnMap":{"0":{"name":"(anonymous_0)","decl":{"start":{"line":7,"column":1},"end":{"line":7,"column":13}},"loc":{"start":{"line":7,"column":27},"end":{"line":9,"column":2}}},"1":{"name":"(anonymous_1)","decl":{"start":{"line":10,"column":1},"end":{"line":10,"column":8}},"loc":{"start":{"line":10,"column":56},"end":{"line":23,"column":2}}},"2":{"name":"(anonymous_2)","decl":{"start":{"line":12,"column":64},"end":{"line":12,"column":65}},"loc":{"start":{"line":12,"column":81},"end":{"line":19,"column":4}}}},"branchMap":{"0":{"loc":{"start":{"line":11,"column":2},"end":{"line":22,"column":null}},"type":"if","locations":[{"start":{"line":11,"column":2},"end":{"line":22,"column":null}},{"start":{"line":20,"column":9},"end":{"line":22,"column":null}}]},"1":{"loc":{"start":{"line":13,"column":4},"end":{"line":18,"column":null}},"type":"if","locations":[{"start":{"line":13,"column":4},"end":{"line":18,"column":null}},{"start":{"line":15,"column":11},"end":{"line":18,"column":null}}]},"2":{"loc":{"start":{"line":15,"column":11},"end":{"line":18,"column":null}},"type":"if","locations":[{"start":{"line":15,"column":11},"end":{"line":18,"column":null}}]}},"s":{"0":1,"1":1,"2":7,"3":2,"4":2,"5":1,"6":1,"7":1,"8":1,"9":5,"10":1},"f":{"0":1,"1":7,"2":2},"b":{"0":[2,5],"1":[1,1],"2":[1]}}
,"/Users/alegmuz/Documents/node/architecture/src/common/base.controller.ts": {"path":"/Users/alegmuz/Documents/node/architecture/src/common/base.controller.ts","statementMap":{"0":{"start":{"line":1,"column":0},"end":{"line":1,"column":26}},"1":{"start":{"line":2,"column":0},"end":{"line":2,"column":43}},"2":{"start":{"line":3,"column":0},"end":{"line":3,"column":39}},"3":{"start":{"line":9,"column":7},"end":{"line":36,"column":null}},"4":{"start":{"line":11,"column":21},"end":{"line":11,"column":36}},"5":{"start":{"line":12,"column":2},"end":{"line":12,"column":26}},"6":{"start":{"line":16,"column":2},"end":{"line":16,"column":22}},"7":{"start":{"line":20,"column":2},"end":{"line":20,"column":31}},"8":{"start":{"line":21,"column":2},"end":{"line":21,"column":40}},"9":{"start":{"line":24,"column":2},"end":{"line":24,"column":38}},"10":{"start":{"line":28,"column":2},"end":{"line":34,"column":null}},"11":{"start":{"line":29,"column":18},"end":{"line":29,"column":39}},"12":{"start":{"line":30,"column":22},"end":{"line":30,"column":70}},"13":{"start":{"line":30,"column":52},"end":{"line":30,"column":69}},"14":{"start":{"line":31,"column":20},"end":{"line":31,"column":65}},"15":{"start":{"line":32,"column":3},"end":{"line":32,"column":52}},"16":{"start":{"line":33,"column":3},"end":{"line":33,"column":54}},"17":{"start":{"line":9,"column":13},"end":{"line":36,"column":null}},"18":{"start":{"line":9,"column":13},"end":{"line":9,"column":27}}},"fnMap":{"0":{"name":"(anonymous_2)","decl":{"start":{"line":11,"column":1},"end":{"line":11,"column":21}},"loc":{"start":{"line":11,"column":36},"end":{"line":13,"column":2}}},"1":{"name":"(anonymous_3)","decl":{"start":{"line":15,"column":1},"end":{"line":15,"column":5}},"loc":{"start":{"line":15,"column":11},"end":{"line":17,"column":2}}},"2":{"name":"(anonymous_4)","decl":{"start":{"line":19,"column":1},"end":{"line":19,"column":5}},"loc":{"start":{"line":19,"column":48},"end":{"line":22,"column":2}}},"3":{"name":"(anonymous_5)","decl":{"start":{"line":23,"column":1},"end":{"line":23,"column":3}},"loc":{"start":{"line":23,"column":32},"end":{"line":25,"column":2}}},"4":{"name":"(anonymous_6)","decl":{"start":{"line":27,"column":1},"end":{"line":27,"column":11}},"loc":{"start":{"line":27,"column":38},"end":{"line":35,"column":2}}},"5":{"name":"(anonymous_7)","decl":{"start":{"line":30,"column":45},"end":{"line":30,"column":46}},"loc":{"start":{"line":30,"column":52},"end":{"line":30,"column":69}}}},"branchMap":{"0":{"loc":{"start":{"line":30,"column":22},"end":{"line":30,"column":70}},"type":"cond-expr","locations":[{"start":{"line":30,"column":39},"end":{"line":30,"column":41}},{"start":{"line":30,"column":39},"end":{"line":30,"column":70}}]},"1":{"loc":{"start":{"line":30,"column":22},"end":{"line":30,"column":41}},"type":"binary-expr","locations":[{"start":{"line":30,"column":22},"end":{"line":30,"column":41}},{"start":{"line":30,"column":39},"end":{"line":30,"column":41}}]},"2":{"loc":{"start":{"line":31,"column":20},"end":{"line":31,"column":65}},"type":"cond-expr","locations":[{"start":{"line":31,"column":33},"end":{"line":31,"column":56}},{"start":{"line":31,"column":59},"end":{"line":31,"column":65}}]}},"s":{"0":1,"1":1,"2":1,"3":1,"4":1,"5":1,"6":1,"7":4,"8":4,"9":4,"10":1,"11":3,"12":3,"13":3,"14":3,"15":3,"16":3,"17":1,"18":1},"f":{"0":1,"1":1,"2":4,"3":4,"4":1,"5":3},"b":{"0":[0,3],"1":[3,3],"2":[3,0]}}
,"/Users/alegmuz/Documents/node/architecture/src/common/validator.middleware.ts": {"path":"/Users/alegmuz/Documents/node/architecture/src/common/validator.middleware.ts","statementMap":{"0":{"start":{"line":1,"column":0},"end":{"line":1,"column":70}},"1":{"start":{"line":2,"column":0},"end":{"line":2,"column":43}},"2":{"start":{"line":8,"column":21},"end":{"line":8,"column":61}},"3":{"start":{"line":10,"column":19},"end":{"line":10,"column":61}},"4":{"start":{"line":11,"column":2},"end":{"line":17,"column":5}},"5":{"start":{"line":12,"column":3},"end":{"line":16,"column":null}},"6":{"start":{"line":13,"column":4},"end":{"line":13,"column":33}},"7":{"start":{"line":15,"column":4},"end":{"line":15,"column":11}},"8":{"start":{"line":7,"column":0},"end":{"line":7,"column":13}}},"fnMap":{"0":{"name":"(anonymous_0)","decl":{"start":{"line":8,"column":1},"end":{"line":8,"column":21}},"loc":{"start":{"line":8,"column":61},"end":{"line":8,"column":65}}},"1":{"name":"(anonymous_1)","decl":{"start":{"line":9,"column":1},"end":{"line":9,"column":8}},"loc":{"start":{"line":9,"column":61},"end":{"line":18,"column":2}}},"2":{"name":"(anonymous_2)","decl":{"start":{"line":11,"column":26},"end":{"line":11,"column":27}},"loc":{"start":{"line":11,"column":37},"end":{"line":17,"column":3}}}},"branchMap":{"0":{"loc":{"start":{"line":12,"column":3},"end":{"line":16,"column":null}},"type":"if","locations":[{"start":{"line":12,"column":3},"end":{"line":16,"column":null}},{"start":{"line":14,"column":10},"end":{"line":16,"column":null}}]}},"s":{"0":1,"1":1,"2":2,"3":5,"4":5,"5":5,"6":0,"7":5,"8":1},"f":{"0":2,"1":5,"2":5},"b":{"0":[0,5]}}
,"/Users/alegmuz/Documents/node/architecture/src/config/config.service.ts": {"path":"/Users/alegmuz/Documents/node/architecture/src/config/config.service.ts","statementMap":{"0":{"start":{"line":1,"column":0},"end":{"line":1,"column":26}},"1":{"start":{"line":2,"column":0},"end":{"line":2,"column":52}},"2":{"start":{"line":3,"column":0},"end":{"line":3,"column":47}},"3":{"start":{"line":5,"column":0},"end":{"line":5,"column":33}},"4":{"start":{"line":11,"column":7},"end":{"line":25,"column":null}},"5":{"start":{"line":13,"column":44},"end":{"line":13,"column":59}},"6":{"start":{"line":14,"column":17},"end":{"line":14,"column":25}},"7":{"start":{"line":15,"column":2},"end":{"line":20,"column":null}},"8":{"start":{"line":16,"column":3},"end":{"line":16,"column":57}},"9":{"start":{"line":18,"column":3},"end":{"line":18,"column":57}},"10":{"start":{"line":19,"column":3},"end":{"line":19,"column":31}},"11":{"start":{"line":23,"column":2},"end":{"line":23,"column":26}},"12":{"start":{"line":11,"column":13},"end":{"line":25,"column":null}},"13":{"start":{"line":11,"column":13},"end":{"line":11,"column":26}}},"fnMap":{"0":{"name":"(anonymous_4)","decl":{"start":{"line":13,"column":1},"end":{"line":13,"column":14}},"loc":{"start":{"line":13,"column":59},"end":{"line":21,"column":2}}},"1":{"name":"(anonymous_5)","decl":{"start":{"line":22,"column":1},"end":{"line":22,"column":4}},"loc":{"start":{"line":22,"column":16},"end":{"line":24,"column":2}}}},"branchMap":{"0":{"loc":{"start":{"line":15,"column":2},"end":{"line":20,"column":null}},"type":"if","locations":[{"start":{"line":15,"column":2},"end":{"line":20,"column":null}},{"start":{"line":17,"column":9},"end":{"line":20,"column":null}}]}},"s":{"0":1,"1":1,"2":1,"3":1,"4":1,"5":1,"6":1,"7":1,"8":0,"9":1,"10":1,"11":4,"12":1,"13":1},"f":{"0":1,"1":4},"b":{"0":[0,1]}}
,"/Users/alegmuz/Documents/node/architecture/src/database/Database.service.ts": {"path":"/Users/alegmuz/Documents/node/architecture/src/database/Database.service.ts","statementMap":{"0":{"start":{"line":1,"column":0},"end":{"line":1,"column":26}},"1":{"start":{"line":2,"column":0},"end":{"line":2,"column":46}},"2":{"start":{"line":3,"column":0},"end":{"line":3,"column":47}},"3":{"start":{"line":4,"column":0},"end":{"line":4,"column":33}},"4":{"start":{"line":9,"column":7},"end":{"line":31,"column":null}},"5":{"start":{"line":11,"column":44},"end":{"line":11,"column":59}},"6":{"start":{"line":12,"column":17},"end":{"line":12,"column":35}},"7":{"start":{"line":13,"column":2},"end":{"line":13,"column":23}},"8":{"start":{"line":17,"column":2},"end":{"line":24,"column":null}},"9":{"start":{"line":18,"column":3},"end":{"line":18,"column":32}},"10":{"start":{"line":19,"column":3},"end":{"line":19,"column":62}},"11":{"start":{"line":21,"column":3},"end":{"line":23,"column":null}},"12":{"start":{"line":22,"column":4},"end":{"line":22,"column":86}},"13":{"start":{"line":28,"column":2},"end":{"line":28,"column":34}},"14":{"start":{"line":29,"column":2},"end":{"line":29,"column":64}},"15":{"start":{"line":9,"column":13},"end":{"line":31,"column":null}},"16":{"start":{"line":9,"column":13},"end":{"line":9,"column":28}}},"fnMap":{"0":{"name":"(anonymous_11)","decl":{"start":{"line":11,"column":1},"end":{"line":11,"column":14}},"loc":{"start":{"line":11,"column":59},"end":{"line":14,"column":2}}},"1":{"name":"(anonymous_12)","decl":{"start":{"line":16,"column":7},"end":{"line":16,"column":16}},"loc":{"start":{"line":16,"column":16},"end":{"line":25,"column":null}}},"2":{"name":"(anonymous_14)","decl":{"start":{"line":27,"column":7},"end":{"line":27,"column":19}},"loc":{"start":{"line":27,"column":19},"end":{"line":30,"column":null}}}},"branchMap":{"0":{"loc":{"start":{"line":21,"column":3},"end":{"line":23,"column":null}},"type":"if","locations":[{"start":{"line":21,"column":3},"end":{"line":23,"column":null}}]}},"s":{"0":1,"1":1,"2":1,"3":1,"4":1,"5":1,"6":1,"7":1,"8":1,"9":1,"10":1,"11":0,"12":0,"13":0,"14":0,"15":1,"16":1},"f":{"0":1,"1":1,"2":0},"b":{"0":[0]}}
,"/Users/alegmuz/Documents/node/architecture/src/errors/exception.filter.ts": {"path":"/Users/alegmuz/Documents/node/architecture/src/errors/exception.filter.ts","statementMap":{"0":{"start":{"line":1,"column":0},"end":{"line":1,"column":26}},"1":{"start":{"line":3,"column":0},"end":{"line":3,"column":47}},"2":{"start":{"line":8,"column":0},"end":{"line":8,"column":33}},"3":{"start":{"line":9,"column":0},"end":{"line":9,"column":48}},"4":{"start":{"line":12,"column":7},"end":{"line":27,"column":null}},"5":{"start":{"line":13,"column":44},"end":{"line":13,"column":59}},"6":{"start":{"line":15,"column":2},"end":{"line":25,"column":null}},"7":{"start":{"line":16,"column":3},"end":{"line":16,"column":82}},"8":{"start":{"line":17,"column":3},"end":{"line":19,"column":6}},"9":{"start":{"line":21,"column":3},"end":{"line":21,"column":34}},"10":{"start":{"line":22,"column":3},"end":{"line":24,"column":6}},"11":{"start":{"line":12,"column":13},"end":{"line":27,"column":null}},"12":{"start":{"line":12,"column":13},"end":{"line":12,"column":28}}},"fnMap":{"0":{"name":"(anonymous_4)","decl":{"start":{"line":13,"column":1},"end":{"line":13,"column":14}},"loc":{"start":{"line":13,"column":59},"end":{"line":13,"column":63}}},"1":{"name":"(anonymous_5)","decl":{"start":{"line":14,"column":1},"end":{"line":14,"column":6}},"loc":{"start":{"line":14,"column":78},"end":{"line":26,"column":2}}}},"branchMap":{"0":{"loc":{"start":{"line":15,"column":2},"end":{"line":25,"column":null}},"type":"if","locations":[{"start":{"line":15,"column":2},"end":{"line":25,"column":null}},{"start":{"line":20,"column":9},"end":{"line":25,"column":null}}]}},"s":{"0":1,"1":1,"2":1,"3":1,"4":1,"5":1,"6":3,"7":3,"8":3,"9":0,"10":0,"11":1,"12":1},"f":{"0":1,"1":3},"b":{"0":[3,0]}}
,"/Users/alegmuz/Documents/node/architecture/src/errors/http-error.filter.ts": {"path":"/Users/alegmuz/Documents/node/architecture/src/errors/http-error.filter.ts","statementMap":{"0":{"start":{"line":3,"column":2},"end":{"line":3,"column":17}},"1":{"start":{"line":2,"column":20},"end":{"line":2,"column":35}},"2":{"start":{"line":2,"column":44},"end":{"line":2,"column":56}},"3":{"start":{"line":2,"column":65},"end":{"line":2,"column":81}},"4":{"start":{"line":1,"column":0},"end":{"line":1,"column":13}}},"fnMap":{"0":{"name":"(anonymous_0)","decl":{"start":{"line":2,"column":1},"end":{"line":2,"column":20}},"loc":{"start":{"line":2,"column":81},"end":{"line":4,"column":2}}}},"branchMap":{},"s":{"0":3,"1":3,"2":3,"3":3,"4":1},"f":{"0":3},"b":{}}
,"/Users/alegmuz/Documents/node/architecture/src/logger/logger.ts": {"path":"/Users/alegmuz/Documents/node/architecture/src/logger/logger.ts","statementMap":{"0":{"start":{"line":1,"column":0},"end":{"line":1,"column":39}},"1":{"start":{"line":2,"column":0},"end":{"line":2,"column":31}},"2":{"start":{"line":7,"column":7},"end":{"line":23,"column":null}},"3":{"start":{"line":11,"column":2},"end":{"line":11,"column":83}},"4":{"start":{"line":15,"column":2},"end":{"line":15,"column":28}},"5":{"start":{"line":18,"column":2},"end":{"line":18,"column":29}},"6":{"start":{"line":21,"column":2},"end":{"line":21,"column":28}},"7":{"start":{"line":7,"column":13},"end":{"line":23,"column":null}},"8":{"start":{"line":7,"column":13},"end":{"line":7,"column":26}}},"fnMap":{"0":{"name":"(anonymous_2)","decl":{"start":{"line":10,"column":1},"end":{"line":10,"column":null}},"loc":{"start":{"line":10,"column":1},"end":{"line":12,"column":2}}},"1":{"name":"(anonymous_3)","decl":{"start":{"line":14,"column":8},"end":{"line":14,"column":11}},"loc":{"start":{"line":14,"column":30},"end":{"line":16,"column":2}}},"2":{"name":"(anonymous_4)","decl":{"start":{"line":17,"column":8},"end":{"line":17,"column":13}},"loc":{"start":{"line":17,"column":32},"end":{"line":19,"column":2}}},"3":{"name":"(anonymous_5)","decl":{"start":{"line":20,"column":8},"end":{"line":20,"column":12}},"loc":{"start":{"line":20,"column":31},"end":{"line":22,"column":2}}}},"branchMap":{},"s":{"0":1,"1":1,"2":1,"3":1,"4":6,"5":3,"6":0,"7":1,"8":1},"f":{"0":1,"1":6,"2":3,"3":0},"b":{}}
,"/Users/alegmuz/Documents/node/architecture/src/users/user.entity.ts": {"path":"/Users/alegmuz/Documents/node/architecture/src/users/user.entity.ts","statementMap":{"0":{"start":{"line":1,"column":0},"end":{"line":1,"column":41}},"1":{"start":{"line":5,"column":21},"end":{"line":5,"column":34}},"2":{"start":{"line":5,"column":44},"end":{"line":5,"column":58}},"3":{"start":{"line":5,"column":68},"end":{"line":5,"column":89}},"4":{"start":{"line":6,"column":2},"end":{"line":8,"column":null}},"5":{"start":{"line":7,"column":3},"end":{"line":7,"column":33}},"6":{"start":{"line":12,"column":2},"end":{"line":12,"column":20}},"7":{"start":{"line":16,"column":2},"end":{"line":16,"column":21}},"8":{"start":{"line":20,"column":2},"end":{"line":20,"column":24}},"9":{"start":{"line":24,"column":2},"end":{"line":24,"column":42}},"10":{"start":{"line":28,"column":2},"end":{"line":28,"column":43}},"11":{"start":{"line":3,"column":0},"end":{"line":3,"column":13}}},"fnMap":{"0":{"name":"(anonymous_7)","decl":{"start":{"line":5,"column":1},"end":{"line":5,"column":21}},"loc":{"start":{"line":5,"column":89},"end":{"line":9,"column":2}}},"1":{"name":"(anonymous_8)","decl":{"start":{"line":11,"column":1},"end":{"line":11,"column":5}},"loc":{"start":{"line":11,"column":9},"end":{"line":13,"column":2}}},"2":{"name":"(anonymous_9)","decl":{"start":{"line":15,"column":1},"end":{"line":15,"column":5}},"loc":{"start":{"line":15,"column":10},"end":{"line":17,"column":2}}},"3":{"name":"(anonymous_10)","decl":{"start":{"line":19,"column":1},"end":{"line":19,"column":5}},"loc":{"start":{"line":19,"column":13},"end":{"line":21,"column":2}}},"4":{"name":"(anonymous_11)","decl":{"start":{"line":23,"column":14},"end":{"line":23,"column":25}},"loc":{"start":{"line":23,"column":52},"end":{"line":25,"column":null}}},"5":{"name":"(anonymous_13)","decl":{"start":{"line":27,"column":14},"end":{"line":27,"column":29}},"loc":{"start":{"line":27,"column":46},"end":{"line":29,"column":null}}}},"branchMap":{"0":{"loc":{"start":{"line":6,"column":2},"end":{"line":8,"column":null}},"type":"if","locations":[{"start":{"line":6,"column":2},"end":{"line":8,"column":null}}]}},"s":{"0":1,"1":4,"2":4,"3":4,"4":4,"5":4,"6":0,"7":0,"8":0,"9":0,"10":4,"11":1},"f":{"0":4,"1":0,"2":0,"3":0,"4":0,"5":4},"b":{"0":[4]}}
,"/Users/alegmuz/Documents/node/architecture/src/users/users.controller.ts": {"path":"/Users/alegmuz/Documents/node/architecture/src/users/users.controller.ts","statementMap":{"0":{"start":{"line":1,"column":0},"end":{"line":1,"column":26}},"1":{"start":{"line":2,"column":0},"end":{"line":2,"column":47}},"2":{"start":{"line":4,"column":0},"end":{"line":4,"column":36}},"3":{"start":{"line":10,"column":0},"end":{"line":10,"column":59}},"4":{"start":{"line":11,"column":0},"end":{"line":11,"column":56}},"5":{"start":{"line":12,"column":0},"end":{"line":12,"column":33}},"6":{"start":{"line":14,"column":0},"end":{"line":14,"column":53}},"7":{"start":{"line":15,"column":0},"end":{"line":15,"column":59}},"8":{"start":{"line":17,"column":0},"end":{"line":17,"column":69}},"9":{"start":{"line":18,"column":0},"end":{"line":18,"column":55}},"10":{"start":{"line":21,"column":7},"end":{"line":103,"column":null}},"11":{"start":{"line":27,"column":2},"end":{"line":27,"column":23}},"12":{"start":{"line":23,"column":33},"end":{"line":23,"column":55}},"13":{"start":{"line":24,"column":38},"end":{"line":24,"column":63}},"14":{"start":{"line":25,"column":40},"end":{"line":25,"column":69}},"15":{"start":{"line":28,"column":2},"end":{"line":47,"column":5}},"16":{"start":{"line":55,"column":2},"end":{"line":57,"column":null}},"17":{"start":{"line":56,"column":3},"end":{"line":56,"column":50}},"18":{"start":{"line":58,"column":14},"end":{"line":58,"column":48}},"19":{"start":{"line":59,"column":2},"end":{"line":59,"column":24}},"20":{"start":{"line":67,"column":29},"end":{"line":67,"column":65}},"21":{"start":{"line":68,"column":2},"end":{"line":68,"column":35}},"22":{"start":{"line":76,"column":17},"end":{"line":76,"column":56}},"23":{"start":{"line":77,"column":2},"end":{"line":79,"column":null}},"24":{"start":{"line":78,"column":3},"end":{"line":78,"column":60}},"25":{"start":{"line":80,"column":2},"end":{"line":80,"column":23}},"26":{"start":{"line":84,"column":2},"end":{"line":101,"column":5}},"27":{"start":{"line":85,"column":3},"end":{"line":100,"column":5}},"28":{"start":{"line":95,"column":5},"end":{"line":97,"column":null}},"29":{"start":{"line":96,"column":6},"end":{"line":96,"column":15}},"30":{"start":{"line":98,"column":5},"end":{"line":98,"column":16}},"31":{"start":{"line":21,"column":13},"end":{"line":103,"column":null}},"32":{"start":{"line":21,"column":13},"end":{"line":21,"column":28}}},"fnMap":{"0":{"name":"(anonymous_11)","decl":{"start":{"line":22,"column":1},"end":{"line":22,"column":null}},"loc":{"start":{"line":25,"column":69},"end":{"line":48,"column":2}}},"1":{"name":"(anonymous_12)","decl":{"start":{"line":50,"column":7},"end":{"line":50,"column":12}},"loc":{"start":{"line":53,"column":20},"end":{"line":60,"column":null}}},"2":{"name":"(anonymous_14)","decl":{"start":{"line":62,"column":7},"end":{"line":62,"column":11}},"loc":{"start":{"line":65,"column":20},"end":{"line":69,"column":null}}},"3":{"name":"(anonymous_16)","decl":{"start":{"line":71,"column":7},"end":{"line":71,"column":15}},"loc":{"start":{"line":74,"column":20},"end":{"line":81,"column":null}}},"4":{"name":"(anonymous_18)","decl":{"start":{"line":83,"column":15},"end":{"line":83,"column":22}},"loc":{"start":{"line":83,"column":36},"end":{"line":102,"column":null}}},"5":{"name":"(anonymous_20)","decl":{"start":{"line":84,"column":29},"end":{"line":84,"column":30}},"loc":{"start":{"line":84,"column":42},"end":{"line":101,"column":3}}},"6":{"name":"(anonymous_21)","decl":{"start":{"line":94,"column":4},"end":{"line":94,"column":5}},"loc":{"start":{"line":94,"column":19},"end":{"line":99,"column":5}}}},"branchMap":{"0":{"loc":{"start":{"line":55,"column":2},"end":{"line":57,"column":null}},"type":"if","locations":[{"start":{"line":55,"column":2},"end":{"line":57,"column":null}}]},"1":{"loc":{"start":{"line":77,"column":2},"end":{"line":79,"column":null}},"type":"if","locations":[{"start":{"line":77,"column":2},"end":{"line":79,"column":null}}]},"2":{"loc":{"start":{"line":95,"column":5},"end":{"line":97,"column":null}},"type":"if","locations":[{"start":{"line":95,"column":5},"end":{"line":97,"column":null}}]}},"s":{"0":1,"1":1,"2":1,"3":1,"4":1,"5":1,"6":1,"7":1,"8":1,"9":1,"10":1,"11":1,"12":1,"13":1,"14":1,"15":1,"16":4,"17":1,"18":3,"19":3,"20":1,"21":1,"22":1,"23":1,"24":1,"25":0,"26":3,"27":3,"28":3,"29":0,"30":3,"31":1,"32":1},"f":{"0":1,"1":4,"2":1,"3":1,"4":3,"5":3,"6":3},"b":{"0":[1],"1":[1],"2":[0]}}
,"/Users/alegmuz/Documents/node/architecture/src/users/users.repository.ts": {"path":"/Users/alegmuz/Documents/node/architecture/src/users/users.repository.ts","statementMap":{"0":{"start":{"line":1,"column":0},"end":{"line":1,"column":26}},"1":{"start":{"line":4,"column":0},"end":{"line":4,"column":47}},"2":{"start":{"line":5,"column":0},"end":{"line":5,"column":33}},"3":{"start":{"line":10,"column":7},"end":{"line":31,"column":null}},"4":{"start":{"line":11,"column":53},"end":{"line":11,"column":86}},"5":{"start":{"line":12,"column":2},"end":{"line":12,"column":21}},"6":{"start":{"line":16,"column":2},"end":{"line":22,"column":5}},"7":{"start":{"line":25,"column":2},"end":{"line":29,"column":5}},"8":{"start":{"line":10,"column":13},"end":{"line":31,"column":null}},"9":{"start":{"line":10,"column":13},"end":{"line":10,"column":27}}},"fnMap":{"0":{"name":"(anonymous_4)","decl":{"start":{"line":11,"column":1},"end":{"line":11,"column":14}},"loc":{"start":{"line":11,"column":86},"end":{"line":13,"column":2}}},"1":{"name":"(anonymous_5)","decl":{"start":{"line":15,"column":1},"end":{"line":15,"column":7}},"loc":{"start":{"line":15,"column":51},"end":{"line":23,"column":2}}},"2":{"name":"(anonymous_6)","decl":{"start":{"line":24,"column":1},"end":{"line":24,"column":5}},"loc":{"start":{"line":24,"column":19},"end":{"line":30,"column":2}}}},"branchMap":{},"s":{"0":1,"1":1,"2":1,"3":1,"4":1,"5":1,"6":0,"7":6,"8":1,"9":1},"f":{"0":1,"1":0,"2":6},"b":{}}
,"/Users/alegmuz/Documents/node/architecture/src/users/users.service.ts": {"path":"/Users/alegmuz/Documents/node/architecture/src/users/users.service.ts","statementMap":{"0":{"start":{"line":1,"column":0},"end":{"line":1,"column":26}},"1":{"start":{"line":2,"column":0},"end":{"line":2,"column":47}},"2":{"start":{"line":7,"column":0},"end":{"line":7,"column":37}},"3":{"start":{"line":8,"column":0},"end":{"line":8,"column":33}},"4":{"start":{"line":16,"column":7},"end":{"line":43,"column":null}},"5":{"start":{"line":20,"column":18},"end":{"line":20,"column":55}},"6":{"start":{"line":21,"column":2},"end":{"line":23,"column":null}},"7":{"start":{"line":22,"column":3},"end":{"line":22,"column":15}},"8":{"start":{"line":24,"column":18},"end":{"line":24,"column":39}},"9":{"start":{"line":25,"column":15},"end":{"line":25,"column":45}},"10":{"start":{"line":26,"column":2},"end":{"line":26,"column":52}},"11":{"start":{"line":28,"column":2},"end":{"line":28,"column":51}},"12":{"start":{"line":31,"column":23},"end":{"line":31,"column":64}},"13":{"start":{"line":32,"column":2},"end":{"line":34,"column":null}},"14":{"start":{"line":33,"column":3},"end":{"line":33,"column":16}},"15":{"start":{"line":35,"column":15},"end":{"line":35,"column":85}},"16":{"start":{"line":36,"column":2},"end":{"line":36,"column":50}},"17":{"start":{"line":40,"column":22},"end":{"line":40,"column":57}},"18":{"start":{"line":41,"column":2},"end":{"line":41,"column":21}},"19":{"start":{"line":17,"column":1},"end":{"line":17,"column":null}},"20":{"start":{"line":18,"column":1},"end":{"line":18,"column":null}},"21":{"start":{"line":16,"column":13},"end":{"line":43,"column":null}},"22":{"start":{"line":16,"column":13},"end":{"line":16,"column":24}}},"fnMap":{"0":{"name":"(anonymous_9)","decl":{"start":{"line":19,"column":7},"end":{"line":19,"column":17}},"loc":{"start":{"line":19,"column":61},"end":{"line":29,"column":null}}},"1":{"name":"(anonymous_11)","decl":{"start":{"line":30,"column":7},"end":{"line":30,"column":19}},"loc":{"start":{"line":30,"column":38},"end":{"line":37,"column":null}}},"2":{"name":"(anonymous_13)","decl":{"start":{"line":39,"column":7},"end":{"line":39,"column":14}},"loc":{"start":{"line":39,"column":32},"end":{"line":42,"column":null}}}},"branchMap":{"0":{"loc":{"start":{"line":21,"column":2},"end":{"line":23,"column":null}},"type":"if","locations":[{"start":{"line":21,"column":2},"end":{"line":23,"column":null}}]},"1":{"loc":{"start":{"line":32,"column":2},"end":{"line":34,"column":null}},"type":"if","locations":[{"start":{"line":32,"column":2},"end":{"line":34,"column":null}}]}},"s":{"0":1,"1":1,"2":1,"3":1,"4":1,"5":1,"6":1,"7":1,"8":0,"9":0,"10":0,"11":0,"12":4,"13":4,"14":0,"15":4,"16":4,"17":1,"18":1,"19":1,"20":1,"21":1,"22":1},"f":{"0":1,"1":4,"2":1},"b":{"0":[1],"1":[0]}}
,"/Users/alegmuz/Documents/node/architecture/src/users/dto/user-login.dto.ts": {"path":"/Users/alegmuz/Documents/node/architecture/src/users/dto/user-login.dto.ts","statementMap":{"0":{"start":{"line":1,"column":0},"end":{"line":1,"column":52}},"1":{"start":{"line":4,"column":1},"end":{"line":5,"column":null}},"2":{"start":{"line":6,"column":1},"end":{"line":7,"column":null}},"3":{"start":{"line":3,"column":0},"end":{"line":3,"column":13}}},"fnMap":{},"branchMap":{},"s":{"0":1,"1":1,"2":1,"3":1},"f":{},"b":{}}
,"/Users/alegmuz/Documents/node/architecture/src/users/dto/user-regisrty.dto.ts": {"path":"/Users/alegmuz/Documents/node/architecture/src/users/dto/user-regisrty.dto.ts","statementMap":{"0":{"start":{"line":1,"column":0},"end":{"line":1,"column":52}},"1":{"start":{"line":4,"column":1},"end":{"line":5,"column":null}},"2":{"start":{"line":7,"column":1},"end":{"line":8,"column":null}},"3":{"start":{"line":10,"column":1},"end":{"line":11,"column":null}},"4":{"start":{"line":3,"column":0},"end":{"line":3,"column":13}}},"fnMap":{},"branchMap":{},"s":{"0":1,"1":1,"2":1,"3":1,"4":1},"f":{},"b":{}}
}
